ERROR - 2017-03-16 07:02:14 --> Severity: Notice --> Undefined variable: sessionIdentity /var/www/learniat/application/views/session/summary.php 134
ERROR - 2017-03-16 07:02:14 --> Severity: Notice --> Undefined variable: sessionProcess /var/www/learniat/application/views/session/summary.php 135
ERROR - 2017-03-16 07:02:28 --> Severity: Notice --> Undefined variable: sessionIdentity /var/www/learniat/application/views/session/summary.php 134
ERROR - 2017-03-16 07:02:28 --> Severity: Notice --> Undefined variable: sessionProcess /var/www/learniat/application/views/session/summary.php 135
ERROR - 2017-03-16 07:02:40 --> Severity: Notice --> Undefined variable: sessionIdentity /var/www/learniat/application/views/session/summary.php 134
ERROR - 2017-03-16 07:02:40 --> Severity: Notice --> Undefined variable: sessionProcess /var/www/learniat/application/views/session/summary.php 135
ERROR - 2017-03-16 07:02:41 --> Severity: Notice --> Undefined variable: sessionIdentity /var/www/learniat/application/views/session/summary.php 134
ERROR - 2017-03-16 07:02:41 --> Severity: Notice --> Undefined variable: sessionProcess /var/www/learniat/application/views/session/summary.php 135
ERROR - 2017-03-16 07:02:45 --> Severity: Notice --> Undefined variable: sessionIdentity /var/www/learniat/application/views/session/summary.php 134
ERROR - 2017-03-16 07:02:45 --> Severity: Notice --> Undefined variable: sessionProcess /var/www/learniat/application/views/session/summary.php 135
ERROR - 2017-03-16 07:02:54 --> Severity: Notice --> Undefined variable: sessionIdentity /var/www/learniat/application/views/session/summary.php 134
ERROR - 2017-03-16 07:02:54 --> Severity: Notice --> Undefined variable: sessionProcess /var/www/learniat/application/views/session/summary.php 135
ERROR - 2017-03-16 07:03:09 --> Severity: Notice --> Undefined variable: averageParticipationIndexPosition /var/www/learniat/application/views/calendar/cal.php 65
ERROR - 2017-03-16 07:05:44 --> Severity: Notice --> Undefined variable: averageParticipationIndexPosition /var/www/learniat/application/views/calendar/cal.php 65
ERROR - 2017-03-16 07:05:46 --> Severity: Notice --> Undefined variable: sessionIdentity /var/www/learniat/application/views/session/summary.php 134
ERROR - 2017-03-16 07:05:46 --> Severity: Notice --> Undefined variable: sessionProcess /var/www/learniat/application/views/session/summary.php 135
ERROR - 2017-03-16 07:07:50 --> Severity: Notice --> Undefined variable: sessionIdentity /var/www/learniat/application/views/session/summary.php 134
ERROR - 2017-03-16 07:07:50 --> Severity: Notice --> Undefined variable: sessionProcess /var/www/learniat/application/views/session/summary.php 135
ERROR - 2017-03-16 14:53:32 --> Severity: Warning --> simplexml_load_string(): Entity: line 1: parser error : Start tag expected, '&lt;' not found /var/www/learniat/application/libraries/services/External.php 115
ERROR - 2017-03-16 14:53:32 --> Severity: Warning --> simplexml_load_string(): MySqlError - You have an error in your SQL syntax; check the manual that corresp /var/www/learniat/application/libraries/services/External.php 115
ERROR - 2017-03-16 14:53:32 --> Severity: Warning --> simplexml_load_string(): ^ /var/www/learniat/application/libraries/services/External.php 115
ERROR - 2017-03-16 14:53:32 --> Severity: Notice --> Trying to get property of non-object /var/www/learniat/application/libraries/services/External.php 117
ERROR - 2017-03-16 14:53:32 --> Severity: Notice --> Trying to get property of non-object /var/www/learniat/application/libraries/services/External.php 117
ERROR - 2017-03-16 14:53:32 --> Severity: Notice --> Trying to get property of non-object /var/www/learniat/application/controllers/session/Answer.php 36
ERROR - 2017-03-16 14:53:32 --> Severity: Notice --> Trying to get property of non-object /var/www/learniat/application/views/answer/index.php 9
