ERROR - 2017-01-24 11:50:04 --> Severity: Notice --> Undefined variable: averageParticipationIndexPosition /var/www/learniat/application/views/calendar/cal.php 65
ERROR - 2017-01-24 12:00:25 --> Query error: Column 'class_session_id' in where clause is ambiguous - Invalid query: SELECT cs.class_id, cs.starts_on, cs.ends_on,
		cs.session_state, rm.room_name, c.class_name
		FROM class_sessions AS cs
		INNER JOIN classes as c on cs.class_id = c.class_id
		INNER JOIN topic_log as tl ON tl.transition_time between cs.starts_on and cs.ends_on
		INNER JOIN rooms as rm on rm.room_id = cs.room_id
		WHERE class_session_id = '2429' AND cs.ends_on >= '2017-01-20'
ERROR - 2017-01-24 12:00:25 --> Query error: Column 'class_session_id' in where clause is ambiguous - Invalid query: SELECT cs.class_id, cs.starts_on, cs.ends_on,
		cs.session_state, rm.room_name, c.class_name
		FROM class_sessions AS cs
		INNER JOIN classes as c on cs.class_id = c.class_id
		INNER JOIN topic_log as tl ON tl.transition_time between cs.starts_on and cs.ends_on
		INNER JOIN rooms as rm on rm.room_id = cs.room_id
		WHERE class_session_id = '2428' AND cs.ends_on >= '2017-01-20'
ERROR - 2017-01-24 12:00:37 --> Query error: Column 'class_session_id' in where clause is ambiguous - Invalid query: SELECT cs.class_id, cs.starts_on, cs.ends_on,
		cs.session_state, rm.room_name, c.class_name
		FROM class_sessions AS cs
		INNER JOIN classes as c on cs.class_id = c.class_id
		INNER JOIN topic_log as tl ON tl.transition_time between cs.starts_on and cs.ends_on
		INNER JOIN rooms as rm on rm.room_id = cs.room_id
		WHERE class_session_id = '2427' AND cs.ends_on >= '2017-01-19'
ERROR - 2017-01-24 12:00:41 --> Query error: Column 'class_session_id' in where clause is ambiguous - Invalid query: SELECT cs.class_id, cs.starts_on, cs.ends_on,
		cs.session_state, rm.room_name, c.class_name
		FROM class_sessions AS cs
		INNER JOIN classes as c on cs.class_id = c.class_id
		INNER JOIN topic_log as tl ON tl.transition_time between cs.starts_on and cs.ends_on
		INNER JOIN rooms as rm on rm.room_id = cs.room_id
		WHERE class_session_id = '2426' AND cs.ends_on >= '2017-01-18'
ERROR - 2017-01-24 12:05:30 --> Query error: Column 'class_session_id' in where clause is ambiguous - Invalid query: SELECT cs.class_id, cs.starts_on, cs.ends_on,
		cs.session_state, rm.room_name, c.class_name
		FROM class_sessions AS cs
		INNER JOIN classes as c on cs.class_id = c.class_id
		INNER JOIN topic_log as tl ON tl.transition_time between cs.starts_on and cs.ends_on
		INNER JOIN rooms as rm on rm.room_id = cs.room_id
		WHERE class_session_id = '2428' AND cs.ends_on >= '2017-01-20'
ERROR - 2017-01-24 12:05:31 --> Query error: Column 'class_session_id' in where clause is ambiguous - Invalid query: SELECT cs.class_id, cs.starts_on, cs.ends_on,
		cs.session_state, rm.room_name, c.class_name
		FROM class_sessions AS cs
		INNER JOIN classes as c on cs.class_id = c.class_id
		INNER JOIN topic_log as tl ON tl.transition_time between cs.starts_on and cs.ends_on
		INNER JOIN rooms as rm on rm.room_id = cs.room_id
		WHERE class_session_id = '2429' AND cs.ends_on >= '2017-01-20'
ERROR - 2017-01-24 12:18:39 --> Query error: Column 'class_session_id' in where clause is ambiguous - Invalid query: SELECT cs.class_id, cs.starts_on, cs.ends_on,
		cs.session_state, rm.room_name, c.class_name
		FROM class_sessions AS cs
		INNER JOIN classes as c on cs.class_id = c.class_id
		INNER JOIN topic_log as tl ON tl.transition_time between cs.starts_on and cs.ends_on
		INNER JOIN rooms as rm on rm.room_id = cs.room_id
		WHERE class_session_id = '2429' AND cs.ends_on >= '2017-01-20'
ERROR - 2017-01-24 12:18:39 --> Query error: Column 'class_session_id' in where clause is ambiguous - Invalid query: SELECT cs.class_id, cs.starts_on, cs.ends_on,
		cs.session_state, rm.room_name, c.class_name
		FROM class_sessions AS cs
		INNER JOIN classes as c on cs.class_id = c.class_id
		INNER JOIN topic_log as tl ON tl.transition_time between cs.starts_on and cs.ends_on
		INNER JOIN rooms as rm on rm.room_id = cs.room_id
		WHERE class_session_id = '2428' AND cs.ends_on >= '2017-01-20'
ERROR - 2017-01-24 12:19:08 --> Query error: Column 'class_session_id' in where clause is ambiguous - Invalid query: SELECT cs.class_id, cs.starts_on, cs.ends_on,
		cs.session_state, rm.room_name, c.class_name
		FROM class_sessions AS cs
		INNER JOIN classes as c on cs.class_id = c.class_id
		INNER JOIN topic_log as tl ON tl.transition_time between cs.starts_on and cs.ends_on
		INNER JOIN rooms as rm on rm.room_id = cs.room_id
		WHERE class_session_id = '2427' AND cs.ends_on >= '2017-01-19'
ERROR - 2017-01-24 12:24:56 --> Query error: Column 'class_session_id' in where clause is ambiguous - Invalid query: SELECT cs.class_id, cs.starts_on, cs.ends_on,
		cs.session_state, rm.room_name, c.class_name
		FROM class_sessions AS cs
		INNER JOIN classes as c on cs.class_id = c.class_id
		INNER JOIN topic_log as tl ON tl.transition_time between cs.starts_on and cs.ends_on
		INNER JOIN rooms as rm on rm.room_id = cs.room_id
		WHERE class_session_id = '2429' AND cs.ends_on >= '2017-01-20'
ERROR - 2017-01-24 12:49:42 --> Query error: Column 'class_session_id' in where clause is ambiguous - Invalid query: SELECT cs.class_id, cs.starts_on, cs.ends_on,
		cs.session_state, rm.room_name, c.class_name
		FROM class_sessions AS cs
		INNER JOIN classes as c on cs.class_id = c.class_id
		INNER JOIN topic_log as tl ON tl.transition_time between cs.starts_on and cs.ends_on
		INNER JOIN rooms as rm on rm.room_id = cs.room_id
		WHERE class_session_id = '2428' AND cs.ends_on >= '2017-01-20'
ERROR - 2017-01-24 12:49:54 --> Query error: Column 'class_session_id' in where clause is ambiguous - Invalid query: SELECT cs.class_id, cs.starts_on, cs.ends_on,
		cs.session_state, rm.room_name, c.class_name
		FROM class_sessions AS cs
		INNER JOIN classes as c on cs.class_id = c.class_id
		INNER JOIN topic_log as tl ON tl.transition_time between cs.starts_on and cs.ends_on
		INNER JOIN rooms as rm on rm.room_id = cs.room_id
		WHERE class_session_id = '2429' AND cs.ends_on >= '2017-01-20'
ERROR - 2017-01-24 12:50:00 --> Query error: Column 'class_session_id' in where clause is ambiguous - Invalid query: SELECT cs.class_id, cs.starts_on, cs.ends_on,
		cs.session_state, rm.room_name, c.class_name
		FROM class_sessions AS cs
		INNER JOIN classes as c on cs.class_id = c.class_id
		INNER JOIN topic_log as tl ON tl.transition_time between cs.starts_on and cs.ends_on
		INNER JOIN rooms as rm on rm.room_id = cs.room_id
		WHERE class_session_id = '2428' AND cs.ends_on >= '2017-01-20'
ERROR - 2017-01-24 12:50:06 --> Query error: Column 'class_session_id' in where clause is ambiguous - Invalid query: SELECT cs.class_id, cs.starts_on, cs.ends_on,
		cs.session_state, rm.room_name, c.class_name
		FROM class_sessions AS cs
		INNER JOIN classes as c on cs.class_id = c.class_id
		INNER JOIN topic_log as tl ON tl.transition_time between cs.starts_on and cs.ends_on
		INNER JOIN rooms as rm on rm.room_id = cs.room_id
		WHERE class_session_id = '2427' AND cs.ends_on >= '2017-01-19'
ERROR - 2017-01-24 13:19:47 --> Query error: Unknown column 'class_sessions.class_session_id' in 'where clause' - Invalid query: SELECT cs.class_id, cs.starts_on, cs.ends_on,
		cs.session_state, rm.room_name, class.class_name
		FROM class_sessions AS cs
		INNER JOIN classes as class on cs.class_id = class.class_id
		INNER JOIN rooms as rm on rm.room_id = cs.room_id
		WHERE class_sessions.class_session_id = '2429' AND cs.ends_on >= '2017-01-20'
ERROR - 2017-01-24 13:19:47 --> Query error: Unknown column 'class_sessions.class_session_id' in 'where clause' - Invalid query: SELECT cs.class_id, cs.starts_on, cs.ends_on,
		cs.session_state, rm.room_name, class.class_name
		FROM class_sessions AS cs
		INNER JOIN classes as class on cs.class_id = class.class_id
		INNER JOIN rooms as rm on rm.room_id = cs.room_id
		WHERE class_sessions.class_session_id = '2428' AND cs.ends_on >= '2017-01-20'
ERROR - 2017-01-24 13:19:52 --> Query error: Unknown column 'class_sessions.class_session_id' in 'where clause' - Invalid query: SELECT cs.class_id, cs.starts_on, cs.ends_on,
		cs.session_state, rm.room_name, class.class_name
		FROM class_sessions AS cs
		INNER JOIN classes as class on cs.class_id = class.class_id
		INNER JOIN rooms as rm on rm.room_id = cs.room_id
		WHERE class_sessions.class_session_id = '2427' AND cs.ends_on >= '2017-01-19'
ERROR - 2017-01-24 13:20:07 --> Query error: Unknown column 'class_sessions.class_session_id' in 'where clause' - Invalid query: SELECT cs.class_id, cs.starts_on, cs.ends_on,
		cs.session_state, rm.room_name, class.class_name
		FROM class_sessions AS cs
		INNER JOIN classes as class on cs.class_id = class.class_id
		INNER JOIN rooms as rm on rm.room_id = cs.room_id
		WHERE class_sessions.class_session_id = '2429' AND cs.ends_on >= '2017-01-20'
