ERROR - 2017-06-21 13:20:41 --> 404 Page Not Found: lesson/Topic/index
ERROR - 2017-06-21 13:23:16 --> Severity: Notice --> Trying to get property of non-object /var/www/learniat/application/views/answer/mcq.php 24
ERROR - 2017-06-21 13:23:16 --> Severity: Notice --> Trying to get property of non-object /var/www/learniat/application/views/answer/mcq.php 24
ERROR - 2017-06-21 13:23:16 --> Severity: Notice --> Trying to get property of non-object /var/www/learniat/application/views/answer/mcq.php 24
ERROR - 2017-06-21 13:23:16 --> Severity: Notice --> Trying to get property of non-object /var/www/learniat/application/views/answer/mcq.php 24
ERROR - 2017-06-21 13:25:05 --> Severity: Notice --> Trying to get property of non-object /var/www/learniat/application/views/answer/mcq.php 24
ERROR - 2017-06-21 13:25:05 --> Severity: Notice --> Trying to get property of non-object /var/www/learniat/application/views/answer/mcq.php 24
ERROR - 2017-06-21 13:25:05 --> Severity: Notice --> Trying to get property of non-object /var/www/learniat/application/views/answer/mcq.php 24
ERROR - 2017-06-21 13:25:05 --> Severity: Notice --> Trying to get property of non-object /var/www/learniat/application/views/answer/mcq.php 24
ERROR - 2017-06-21 13:25:19 --> Severity: Notice --> Trying to get property of non-object /var/www/learniat/application/views/answer/mcq.php 24
ERROR - 2017-06-21 13:25:19 --> Severity: Notice --> Trying to get property of non-object /var/www/learniat/application/views/answer/mcq.php 24
ERROR - 2017-06-21 13:25:19 --> Severity: Notice --> Trying to get property of non-object /var/www/learniat/application/views/answer/mcq.php 24
ERROR - 2017-06-21 13:25:19 --> Severity: Notice --> Trying to get property of non-object /var/www/learniat/application/views/answer/mcq.php 24
ERROR - 2017-06-21 13:34:23 --> Severity: Warning --> simplexml_load_string(): Entity: line 1: parser error : Start tag expected, '&lt;' not found /var/www/learniat/application/libraries/services/External.php 115
ERROR - 2017-06-21 13:34:23 --> Severity: Warning --> simplexml_load_string(): MySqlError - You have an error in your SQL syntax; check the manual that corresp /var/www/learniat/application/libraries/services/External.php 115
ERROR - 2017-06-21 13:34:23 --> Severity: Warning --> simplexml_load_string(): ^ /var/www/learniat/application/libraries/services/External.php 115
ERROR - 2017-06-21 13:34:23 --> Severity: Notice --> Trying to get property of non-object /var/www/learniat/application/libraries/services/External.php 117
ERROR - 2017-06-21 13:34:23 --> Severity: Notice --> Trying to get property of non-object /var/www/learniat/application/libraries/services/External.php 117
ERROR - 2017-06-21 13:34:23 --> Severity: Notice --> Trying to get property of non-object /var/www/learniat/application/controllers/session/Answer.php 36
ERROR - 2017-06-21 13:34:23 --> Severity: Notice --> Trying to get property of non-object /var/www/learniat/application/views/answer/index.php 9
ERROR - 2017-06-21 13:36:33 --> Severity: Warning --> simplexml_load_string(): Entity: line 1: parser error : Start tag expected, '&lt;' not found /var/www/learniat/application/libraries/services/External.php 115
ERROR - 2017-06-21 13:36:33 --> Severity: Warning --> simplexml_load_string(): MySqlError - You have an error in your SQL syntax; check the manual that corresp /var/www/learniat/application/libraries/services/External.php 115
ERROR - 2017-06-21 13:36:33 --> Severity: Warning --> simplexml_load_string(): ^ /var/www/learniat/application/libraries/services/External.php 115
ERROR - 2017-06-21 13:36:33 --> Severity: Notice --> Trying to get property of non-object /var/www/learniat/application/libraries/services/External.php 117
ERROR - 2017-06-21 13:36:33 --> Severity: Notice --> Trying to get property of non-object /var/www/learniat/application/libraries/services/External.php 117
ERROR - 2017-06-21 13:36:33 --> Severity: Notice --> Trying to get property of non-object /var/www/learniat/application/controllers/session/Answer.php 36
ERROR - 2017-06-21 13:36:33 --> Severity: Notice --> Trying to get property of non-object /var/www/learniat/application/views/answer/index.php 9
ERROR - 2017-06-21 13:37:30 --> Severity: Notice --> Trying to get property of non-object /var/www/learniat/application/views/answer/mcq.php 24
ERROR - 2017-06-21 13:37:30 --> Severity: Notice --> Trying to get property of non-object /var/www/learniat/application/views/answer/mcq.php 24
ERROR - 2017-06-21 13:37:30 --> Severity: Notice --> Trying to get property of non-object /var/www/learniat/application/views/answer/mcq.php 24
ERROR - 2017-06-21 13:37:30 --> Severity: Notice --> Trying to get property of non-object /var/www/learniat/application/views/answer/mcq.php 24
ERROR - 2017-06-21 13:39:47 --> Severity: Notice --> Trying to get property of non-object /var/www/learniat/application/views/answer/mcq.php 24
ERROR - 2017-06-21 13:39:47 --> Severity: Notice --> Trying to get property of non-object /var/www/learniat/application/views/answer/mcq.php 24
ERROR - 2017-06-21 13:39:47 --> Severity: Notice --> Trying to get property of non-object /var/www/learniat/application/views/answer/mcq.php 24
ERROR - 2017-06-21 13:39:47 --> Severity: Notice --> Trying to get property of non-object /var/www/learniat/application/views/answer/mcq.php 24
ERROR - 2017-06-21 14:02:16 --> Severity: Notice --> Trying to get property of non-object /var/www/learniat/application/views/answer/mcq.php 24
ERROR - 2017-06-21 14:02:16 --> Severity: Notice --> Trying to get property of non-object /var/www/learniat/application/views/answer/mcq.php 24
ERROR - 2017-06-21 14:02:16 --> Severity: Notice --> Trying to get property of non-object /var/www/learniat/application/views/answer/mcq.php 24
ERROR - 2017-06-21 14:02:16 --> Severity: Notice --> Trying to get property of non-object /var/www/learniat/application/views/answer/mcq.php 24
ERROR - 2017-06-21 14:22:39 --> Severity: Notice --> Trying to get property of non-object /var/www/learniat/application/views/answer/mcq.php 24
ERROR - 2017-06-21 14:22:39 --> Severity: Notice --> Trying to get property of non-object /var/www/learniat/application/views/answer/mcq.php 24
ERROR - 2017-06-21 14:22:39 --> Severity: Notice --> Trying to get property of non-object /var/www/learniat/application/views/answer/mcq.php 24
ERROR - 2017-06-21 14:22:39 --> Severity: Notice --> Trying to get property of non-object /var/www/learniat/application/views/answer/mcq.php 24
ERROR - 2017-06-21 14:56:26 --> Severity: Warning --> simplexml_load_string(): Entity: line 1: parser error : Start tag expected, '&lt;' not found /var/www/learniat/application/libraries/services/External.php 115
ERROR - 2017-06-21 14:56:26 --> Severity: Warning --> simplexml_load_string(): MySqlError - You have an error in your SQL syntax; check the manual that corresp /var/www/learniat/application/libraries/services/External.php 115
ERROR - 2017-06-21 14:56:26 --> Severity: Warning --> simplexml_load_string(): ^ /var/www/learniat/application/libraries/services/External.php 115
ERROR - 2017-06-21 14:56:26 --> Severity: Notice --> Trying to get property of non-object /var/www/learniat/application/libraries/services/External.php 117
ERROR - 2017-06-21 14:56:26 --> Severity: Notice --> Trying to get property of non-object /var/www/learniat/application/libraries/services/External.php 117
ERROR - 2017-06-21 14:56:26 --> Severity: Notice --> Trying to get property of non-object /var/www/learniat/application/controllers/session/Answer.php 36
ERROR - 2017-06-21 14:56:26 --> Severity: Notice --> Trying to get property of non-object /var/www/learniat/application/views/answer/index.php 9
ERROR - 2017-06-21 16:06:47 --> Severity: Warning --> simplexml_load_string(): Entity: line 1: parser error : Start tag expected, '&lt;' not found /var/www/learniat/application/libraries/services/External.php 115
ERROR - 2017-06-21 16:06:47 --> Severity: Warning --> simplexml_load_string(): MySqlError - You have an error in your SQL syntax; check the manual that corresp /var/www/learniat/application/libraries/services/External.php 115
ERROR - 2017-06-21 16:06:47 --> Severity: Warning --> simplexml_load_string(): ^ /var/www/learniat/application/libraries/services/External.php 115
ERROR - 2017-06-21 16:06:47 --> Severity: Notice --> Trying to get property of non-object /var/www/learniat/application/libraries/services/External.php 117
ERROR - 2017-06-21 16:06:47 --> Severity: Notice --> Trying to get property of non-object /var/www/learniat/application/libraries/services/External.php 117
ERROR - 2017-06-21 16:06:47 --> Severity: Notice --> Trying to get property of non-object /var/www/learniat/application/controllers/session/Answer.php 36
ERROR - 2017-06-21 16:06:47 --> Severity: Notice --> Trying to get property of non-object /var/www/learniat/application/views/answer/index.php 9
ERROR - 2017-06-21 16:09:26 --> Severity: Notice --> Trying to get property of non-object /var/www/learniat/application/views/answer/mcq.php 24
ERROR - 2017-06-21 16:09:26 --> Severity: Notice --> Trying to get property of non-object /var/www/learniat/application/views/answer/mcq.php 24
ERROR - 2017-06-21 16:09:26 --> Severity: Notice --> Trying to get property of non-object /var/www/learniat/application/views/answer/mcq.php 24
ERROR - 2017-06-21 16:09:26 --> Severity: Notice --> Trying to get property of non-object /var/www/learniat/application/views/answer/mcq.php 24
ERROR - 2017-06-21 16:34:28 --> Severity: Warning --> simplexml_load_string(): Entity: line 1: parser error : Start tag expected, '&lt;' not found /var/www/learniat/application/libraries/services/External.php 115
ERROR - 2017-06-21 16:34:28 --> Severity: Warning --> simplexml_load_string(): MySqlError - You have an error in your SQL syntax; check the manual that corresp /var/www/learniat/application/libraries/services/External.php 115
ERROR - 2017-06-21 16:34:28 --> Severity: Warning --> simplexml_load_string(): ^ /var/www/learniat/application/libraries/services/External.php 115
ERROR - 2017-06-21 16:34:28 --> Severity: Notice --> Trying to get property of non-object /var/www/learniat/application/libraries/services/External.php 117
ERROR - 2017-06-21 16:34:28 --> Severity: Notice --> Trying to get property of non-object /var/www/learniat/application/libraries/services/External.php 117
ERROR - 2017-06-21 16:34:28 --> Severity: Notice --> Trying to get property of non-object /var/www/learniat/application/controllers/session/Answer.php 36
ERROR - 2017-06-21 16:34:28 --> Severity: Notice --> Trying to get property of non-object /var/www/learniat/application/views/answer/index.php 9
