ERROR - 2017-06-23 02:02:35 --> Severity: Notice --> Trying to get property of non-object /var/www/learniat/application/libraries/services/External.php 117
ERROR - 2017-06-23 02:02:35 --> Severity: Notice --> Trying to get property of non-object /var/www/learniat/application/libraries/services/External.php 117
ERROR - 2017-06-23 02:02:35 --> Severity: Notice --> Trying to get property of non-object /var/www/learniat/application/controllers/session/Answer.php 37
ERROR - 2017-06-23 02:02:35 --> Severity: Notice --> Trying to get property of non-object /var/www/learniat/application/views/answer/index.php 9
ERROR - 2017-06-23 02:02:36 --> Severity: Notice --> Trying to get property of non-object /var/www/learniat/application/libraries/services/External.php 117
ERROR - 2017-06-23 02:02:36 --> Severity: Notice --> Trying to get property of non-object /var/www/learniat/application/libraries/services/External.php 117
ERROR - 2017-06-23 02:02:36 --> Severity: Notice --> Trying to get property of non-object /var/www/learniat/application/controllers/session/Answer.php 37
ERROR - 2017-06-23 02:02:36 --> Severity: Notice --> Trying to get property of non-object /var/www/learniat/application/views/answer/index.php 9
ERROR - 2017-06-23 05:10:09 --> Severity: Warning --> simplexml_load_string(): Entity: line 1: parser error : Start tag expected, '&lt;' not found /var/www/learniat/application/libraries/services/External.php 115
ERROR - 2017-06-23 05:10:09 --> Severity: Warning --> simplexml_load_string(): MySqlError - Incorrect integer value: '' for column 'user_id' at row 1&lt;Root&gt;&lt;Sun /var/www/learniat/application/libraries/services/External.php 115
ERROR - 2017-06-23 05:10:09 --> Severity: Warning --> simplexml_load_string(): ^ /var/www/learniat/application/libraries/services/External.php 115
ERROR - 2017-06-23 05:10:09 --> Severity: Notice --> Trying to get property of non-object /var/www/learniat/application/libraries/services/External.php 117
ERROR - 2017-06-23 05:10:09 --> Severity: Notice --> Trying to get property of non-object /var/www/learniat/application/libraries/services/External.php 117
ERROR - 2017-06-23 05:10:09 --> Severity: Notice --> Trying to get property of non-object /var/www/learniat/application/controllers/session/Answer.php 37
ERROR - 2017-06-23 05:10:09 --> Severity: Notice --> Trying to get property of non-object /var/www/learniat/application/views/answer/index.php 9
ERROR - 2017-06-23 07:15:47 --> Severity: Warning --> simplexml_load_string(): Entity: line 1: parser error : Start tag expected, '&lt;' not found /var/www/learniat/application/libraries/services/External.php 115
ERROR - 2017-06-23 07:15:47 --> Severity: Warning --> simplexml_load_string(): MySqlError - Incorrect integer value: '' for column 'user_id' at row 1&lt;Root&gt;&lt;Sun /var/www/learniat/application/libraries/services/External.php 115
ERROR - 2017-06-23 07:15:47 --> Severity: Warning --> simplexml_load_string(): ^ /var/www/learniat/application/libraries/services/External.php 115
ERROR - 2017-06-23 07:15:47 --> Severity: Notice --> Trying to get property of non-object /var/www/learniat/application/libraries/services/External.php 117
ERROR - 2017-06-23 07:15:47 --> Severity: Notice --> Trying to get property of non-object /var/www/learniat/application/libraries/services/External.php 117
ERROR - 2017-06-23 07:15:47 --> Severity: Notice --> Trying to get property of non-object /var/www/learniat/application/controllers/session/Answer.php 37
ERROR - 2017-06-23 07:15:47 --> Severity: Notice --> Trying to get property of non-object /var/www/learniat/application/views/answer/index.php 9
ERROR - 2017-06-23 07:30:42 --> Severity: Warning --> simplexml_load_string(): Entity: line 1: parser error : Start tag expected, '&lt;' not found /var/www/learniat/application/libraries/services/External.php 115
ERROR - 2017-06-23 07:30:42 --> Severity: Warning --> simplexml_load_string(): MySqlError - Incorrect integer value: '' for column 'user_id' at row 1&lt;Root&gt;&lt;Sun /var/www/learniat/application/libraries/services/External.php 115
ERROR - 2017-06-23 07:30:42 --> Severity: Warning --> simplexml_load_string(): ^ /var/www/learniat/application/libraries/services/External.php 115
ERROR - 2017-06-23 07:30:42 --> Severity: Notice --> Trying to get property of non-object /var/www/learniat/application/libraries/services/External.php 117
ERROR - 2017-06-23 07:30:42 --> Severity: Notice --> Trying to get property of non-object /var/www/learniat/application/libraries/services/External.php 117
ERROR - 2017-06-23 07:30:42 --> Severity: Notice --> Trying to get property of non-object /var/www/learniat/application/controllers/session/Answer.php 37
ERROR - 2017-06-23 07:30:42 --> Severity: Notice --> Trying to get property of non-object /var/www/learniat/application/views/answer/index.php 9
ERROR - 2017-06-23 07:34:42 --> Severity: Warning --> simplexml_load_string(): Entity: line 1: parser error : Start tag expected, '&lt;' not found /var/www/learniat/application/libraries/services/External.php 115
ERROR - 2017-06-23 07:34:42 --> Severity: Warning --> simplexml_load_string(): MySqlError - Incorrect integer value: '' for column 'user_id' at row 1&lt;Root&gt;&lt;Sun /var/www/learniat/application/libraries/services/External.php 115
ERROR - 2017-06-23 07:34:42 --> Severity: Warning --> simplexml_load_string(): ^ /var/www/learniat/application/libraries/services/External.php 115
ERROR - 2017-06-23 07:34:42 --> Severity: Notice --> Trying to get property of non-object /var/www/learniat/application/libraries/services/External.php 117
ERROR - 2017-06-23 07:34:42 --> Severity: Notice --> Trying to get property of non-object /var/www/learniat/application/libraries/services/External.php 117
ERROR - 2017-06-23 07:34:42 --> Severity: Notice --> Trying to get property of non-object /var/www/learniat/application/controllers/session/Answer.php 37
ERROR - 2017-06-23 07:34:42 --> Severity: Notice --> Trying to get property of non-object /var/www/learniat/application/views/answer/index.php 9
ERROR - 2017-06-23 07:34:46 --> Severity: Warning --> simplexml_load_string(): Entity: line 1: parser error : Start tag expected, '&lt;' not found /var/www/learniat/application/libraries/services/External.php 115
ERROR - 2017-06-23 07:34:46 --> Severity: Warning --> simplexml_load_string(): MySqlError - Incorrect integer value: '' for column 'user_id' at row 1&lt;Root&gt;&lt;Sun /var/www/learniat/application/libraries/services/External.php 115
ERROR - 2017-06-23 07:34:46 --> Severity: Warning --> simplexml_load_string(): ^ /var/www/learniat/application/libraries/services/External.php 115
ERROR - 2017-06-23 07:34:46 --> Severity: Notice --> Trying to get property of non-object /var/www/learniat/application/libraries/services/External.php 117
ERROR - 2017-06-23 07:34:46 --> Severity: Notice --> Trying to get property of non-object /var/www/learniat/application/libraries/services/External.php 117
ERROR - 2017-06-23 07:34:46 --> Severity: Notice --> Trying to get property of non-object /var/www/learniat/application/controllers/session/Answer.php 37
ERROR - 2017-06-23 07:34:46 --> Severity: Notice --> Trying to get property of non-object /var/www/learniat/application/views/answer/index.php 9
ERROR - 2017-06-23 07:38:44 --> Severity: Warning --> simplexml_load_string(): Entity: line 1: parser error : Start tag expected, '&lt;' not found /var/www/learniat/application/libraries/services/External.php 115
ERROR - 2017-06-23 07:38:44 --> Severity: Warning --> simplexml_load_string(): MySqlError - You have an error in your SQL syntax; check the manual that corresp /var/www/learniat/application/libraries/services/External.php 115
ERROR - 2017-06-23 07:38:44 --> Severity: Warning --> simplexml_load_string(): ^ /var/www/learniat/application/libraries/services/External.php 115
ERROR - 2017-06-23 07:38:44 --> Severity: Notice --> Trying to get property of non-object /var/www/learniat/application/libraries/services/External.php 117
ERROR - 2017-06-23 07:38:44 --> Severity: Notice --> Trying to get property of non-object /var/www/learniat/application/libraries/services/External.php 117
ERROR - 2017-06-23 07:38:44 --> Severity: Notice --> Trying to get property of non-object /var/www/learniat/application/controllers/session/Answer.php 37
ERROR - 2017-06-23 07:38:44 --> Severity: Notice --> Trying to get property of non-object /var/www/learniat/application/views/answer/index.php 9
ERROR - 2017-06-23 07:56:03 --> Severity: Warning --> simplexml_load_string(): Entity: line 1: parser error : Start tag expected, '&lt;' not found /var/www/learniat/application/libraries/services/External.php 115
ERROR - 2017-06-23 07:56:03 --> Severity: Warning --> simplexml_load_string(): MySqlError - You have an error in your SQL syntax; check the manual that corresp /var/www/learniat/application/libraries/services/External.php 115
ERROR - 2017-06-23 07:56:03 --> Severity: Warning --> simplexml_load_string(): ^ /var/www/learniat/application/libraries/services/External.php 115
ERROR - 2017-06-23 07:56:03 --> Severity: Notice --> Trying to get property of non-object /var/www/learniat/application/libraries/services/External.php 117
ERROR - 2017-06-23 07:56:03 --> Severity: Notice --> Trying to get property of non-object /var/www/learniat/application/libraries/services/External.php 117
ERROR - 2017-06-23 07:56:03 --> Severity: Notice --> Trying to get property of non-object /var/www/learniat/application/controllers/session/Answer.php 37
ERROR - 2017-06-23 07:56:03 --> Severity: Notice --> Trying to get property of non-object /var/www/learniat/application/views/answer/index.php 9
ERROR - 2017-06-23 07:56:20 --> Severity: Warning --> simplexml_load_string(): Entity: line 1: parser error : Start tag expected, '&lt;' not found /var/www/learniat/application/libraries/services/External.php 115
ERROR - 2017-06-23 07:56:20 --> Severity: Warning --> simplexml_load_string(): MySqlError - You have an error in your SQL syntax; check the manual that corresp /var/www/learniat/application/libraries/services/External.php 115
ERROR - 2017-06-23 07:56:20 --> Severity: Warning --> simplexml_load_string(): ^ /var/www/learniat/application/libraries/services/External.php 115
ERROR - 2017-06-23 07:56:20 --> Severity: Notice --> Trying to get property of non-object /var/www/learniat/application/libraries/services/External.php 117
ERROR - 2017-06-23 07:56:20 --> Severity: Notice --> Trying to get property of non-object /var/www/learniat/application/libraries/services/External.php 117
ERROR - 2017-06-23 07:56:20 --> Severity: Notice --> Trying to get property of non-object /var/www/learniat/application/controllers/session/Answer.php 37
ERROR - 2017-06-23 07:56:20 --> Severity: Notice --> Trying to get property of non-object /var/www/learniat/application/views/answer/index.php 9
ERROR - 2017-06-23 07:56:57 --> Severity: Warning --> simplexml_load_string(): Entity: line 1: parser error : Start tag expected, '&lt;' not found /var/www/learniat/application/libraries/services/External.php 115
ERROR - 2017-06-23 07:56:57 --> Severity: Warning --> simplexml_load_string(): MySqlError - You have an error in your SQL syntax; check the manual that corresp /var/www/learniat/application/libraries/services/External.php 115
ERROR - 2017-06-23 07:56:57 --> Severity: Warning --> simplexml_load_string(): ^ /var/www/learniat/application/libraries/services/External.php 115
ERROR - 2017-06-23 07:56:57 --> Severity: Notice --> Trying to get property of non-object /var/www/learniat/application/libraries/services/External.php 117
ERROR - 2017-06-23 07:56:57 --> Severity: Notice --> Trying to get property of non-object /var/www/learniat/application/libraries/services/External.php 117
ERROR - 2017-06-23 07:56:57 --> Severity: Notice --> Trying to get property of non-object /var/www/learniat/application/controllers/session/Answer.php 37
ERROR - 2017-06-23 07:56:57 --> Severity: Notice --> Trying to get property of non-object /var/www/learniat/application/views/answer/index.php 9
ERROR - 2017-06-23 08:05:29 --> Severity: Warning --> simplexml_load_string(): Entity: line 1: parser error : Start tag expected, '&lt;' not found /var/www/learniat/application/libraries/services/External.php 115
ERROR - 2017-06-23 08:05:29 --> Severity: Warning --> simplexml_load_string(): MySqlError - You have an error in your SQL syntax; check the manual that corresp /var/www/learniat/application/libraries/services/External.php 115
ERROR - 2017-06-23 08:05:29 --> Severity: Warning --> simplexml_load_string(): ^ /var/www/learniat/application/libraries/services/External.php 115
ERROR - 2017-06-23 08:05:29 --> Severity: Notice --> Trying to get property of non-object /var/www/learniat/application/libraries/services/External.php 117
ERROR - 2017-06-23 08:05:29 --> Severity: Notice --> Trying to get property of non-object /var/www/learniat/application/libraries/services/External.php 117
ERROR - 2017-06-23 08:05:29 --> Severity: Notice --> Trying to get property of non-object /var/www/learniat/application/controllers/session/Answer.php 37
ERROR - 2017-06-23 08:05:29 --> Severity: Notice --> Trying to get property of non-object /var/www/learniat/application/views/answer/index.php 9
ERROR - 2017-06-23 08:13:10 --> Severity: Warning --> simplexml_load_string(): Entity: line 1: parser error : Start tag expected, '&lt;' not found /var/www/learniat/application/libraries/services/External.php 115
ERROR - 2017-06-23 08:13:10 --> Severity: Warning --> simplexml_load_string(): MySqlError - You have an error in your SQL syntax; check the manual that corresp /var/www/learniat/application/libraries/services/External.php 115
ERROR - 2017-06-23 08:13:10 --> Severity: Warning --> simplexml_load_string(): ^ /var/www/learniat/application/libraries/services/External.php 115
ERROR - 2017-06-23 08:13:10 --> Severity: Notice --> Trying to get property of non-object /var/www/learniat/application/libraries/services/External.php 117
ERROR - 2017-06-23 08:13:10 --> Severity: Notice --> Trying to get property of non-object /var/www/learniat/application/libraries/services/External.php 117
ERROR - 2017-06-23 08:13:10 --> Severity: Notice --> Trying to get property of non-object /var/www/learniat/application/controllers/session/Answer.php 37
ERROR - 2017-06-23 08:13:10 --> Severity: Notice --> Trying to get property of non-object /var/www/learniat/application/views/answer/index.php 9
ERROR - 2017-06-23 08:16:21 --> Severity: Warning --> simplexml_load_string(): Entity: line 1: parser error : Start tag expected, '&lt;' not found /var/www/learniat/application/libraries/services/External.php 115
ERROR - 2017-06-23 08:16:21 --> Severity: Warning --> simplexml_load_string(): MySqlError - You have an error in your SQL syntax; check the manual that corresp /var/www/learniat/application/libraries/services/External.php 115
ERROR - 2017-06-23 08:16:21 --> Severity: Warning --> simplexml_load_string(): ^ /var/www/learniat/application/libraries/services/External.php 115
ERROR - 2017-06-23 08:16:21 --> Severity: Notice --> Trying to get property of non-object /var/www/learniat/application/libraries/services/External.php 117
ERROR - 2017-06-23 08:16:21 --> Severity: Notice --> Trying to get property of non-object /var/www/learniat/application/libraries/services/External.php 117
ERROR - 2017-06-23 08:16:21 --> Severity: Notice --> Trying to get property of non-object /var/www/learniat/application/controllers/session/Answer.php 37
ERROR - 2017-06-23 08:16:21 --> Severity: Notice --> Trying to get property of non-object /var/www/learniat/application/views/answer/index.php 9
ERROR - 2017-06-23 08:25:21 --> Severity: Warning --> simplexml_load_string(): Entity: line 1: parser error : Start tag expected, '&lt;' not found /var/www/learniat/application/libraries/services/External.php 115
ERROR - 2017-06-23 08:25:21 --> Severity: Warning --> simplexml_load_string(): MySqlError - You have an error in your SQL syntax; check the manual that corresp /var/www/learniat/application/libraries/services/External.php 115
ERROR - 2017-06-23 08:25:21 --> Severity: Warning --> simplexml_load_string(): ^ /var/www/learniat/application/libraries/services/External.php 115
ERROR - 2017-06-23 08:25:21 --> Severity: Notice --> Trying to get property of non-object /var/www/learniat/application/libraries/services/External.php 117
ERROR - 2017-06-23 08:25:21 --> Severity: Notice --> Trying to get property of non-object /var/www/learniat/application/libraries/services/External.php 117
ERROR - 2017-06-23 08:25:21 --> Severity: Notice --> Trying to get property of non-object /var/www/learniat/application/controllers/session/Answer.php 37
ERROR - 2017-06-23 08:25:21 --> Severity: Notice --> Trying to get property of non-object /var/www/learniat/application/views/answer/index.php 9
ERROR - 2017-06-23 08:29:15 --> Severity: Warning --> simplexml_load_string(): Entity: line 1: parser error : Start tag expected, '&lt;' not found /var/www/learniat/application/libraries/services/External.php 115
ERROR - 2017-06-23 08:29:15 --> Severity: Warning --> simplexml_load_string(): MySqlError - You have an error in your SQL syntax; check the manual that corresp /var/www/learniat/application/libraries/services/External.php 115
ERROR - 2017-06-23 08:29:15 --> Severity: Warning --> simplexml_load_string(): ^ /var/www/learniat/application/libraries/services/External.php 115
ERROR - 2017-06-23 08:29:15 --> Severity: Notice --> Trying to get property of non-object /var/www/learniat/application/libraries/services/External.php 117
ERROR - 2017-06-23 08:29:15 --> Severity: Notice --> Trying to get property of non-object /var/www/learniat/application/libraries/services/External.php 117
ERROR - 2017-06-23 08:29:15 --> Severity: Notice --> Trying to get property of non-object /var/www/learniat/application/controllers/session/Answer.php 37
ERROR - 2017-06-23 08:29:15 --> Severity: Notice --> Trying to get property of non-object /var/www/learniat/application/views/answer/index.php 9
ERROR - 2017-06-23 10:30:21 --> Severity: Warning --> simplexml_load_string(): Entity: line 1: parser error : Start tag expected, '&lt;' not found /var/www/learniat/application/libraries/services/External.php 115
ERROR - 2017-06-23 10:30:21 --> Severity: Warning --> simplexml_load_string(): MySqlError - You have an error in your SQL syntax; check the manual that corresp /var/www/learniat/application/libraries/services/External.php 115
ERROR - 2017-06-23 10:30:21 --> Severity: Warning --> simplexml_load_string(): ^ /var/www/learniat/application/libraries/services/External.php 115
ERROR - 2017-06-23 10:30:21 --> Severity: Notice --> Trying to get property of non-object /var/www/learniat/application/libraries/services/External.php 117
ERROR - 2017-06-23 10:30:21 --> Severity: Notice --> Trying to get property of non-object /var/www/learniat/application/libraries/services/External.php 117
ERROR - 2017-06-23 10:30:21 --> Severity: Notice --> Trying to get property of non-object /var/www/learniat/application/controllers/session/Answer.php 37
ERROR - 2017-06-23 10:30:21 --> Severity: Notice --> Trying to get property of non-object /var/www/learniat/application/views/answer/index.php 9
ERROR - 2017-06-23 11:23:45 --> Severity: Warning --> simplexml_load_string(): Entity: line 1: parser error : Start tag expected, '&lt;' not found /var/www/learniat/application/libraries/services/External.php 115
ERROR - 2017-06-23 11:23:45 --> Severity: Warning --> simplexml_load_string(): MySqlError - You have an error in your SQL syntax; check the manual that corresp /var/www/learniat/application/libraries/services/External.php 115
ERROR - 2017-06-23 11:23:45 --> Severity: Warning --> simplexml_load_string(): ^ /var/www/learniat/application/libraries/services/External.php 115
ERROR - 2017-06-23 11:23:45 --> Severity: Notice --> Trying to get property of non-object /var/www/learniat/application/libraries/services/External.php 117
ERROR - 2017-06-23 11:23:45 --> Severity: Notice --> Trying to get property of non-object /var/www/learniat/application/libraries/services/External.php 117
ERROR - 2017-06-23 11:23:45 --> Severity: Notice --> Trying to get property of non-object /var/www/learniat/application/controllers/session/Answer.php 37
ERROR - 2017-06-23 11:23:45 --> Severity: Notice --> Trying to get property of non-object /var/www/learniat/application/views/answer/index.php 9
ERROR - 2017-06-23 11:23:52 --> Severity: Warning --> simplexml_load_string(): Entity: line 1: parser error : Start tag expected, '&lt;' not found /var/www/learniat/application/libraries/services/External.php 115
ERROR - 2017-06-23 11:23:52 --> Severity: Warning --> simplexml_load_string(): MySqlError - You have an error in your SQL syntax; check the manual that corresp /var/www/learniat/application/libraries/services/External.php 115
ERROR - 2017-06-23 11:23:52 --> Severity: Warning --> simplexml_load_string(): ^ /var/www/learniat/application/libraries/services/External.php 115
ERROR - 2017-06-23 11:23:52 --> Severity: Notice --> Trying to get property of non-object /var/www/learniat/application/libraries/services/External.php 117
ERROR - 2017-06-23 11:23:52 --> Severity: Notice --> Trying to get property of non-object /var/www/learniat/application/libraries/services/External.php 117
ERROR - 2017-06-23 11:23:52 --> Severity: Notice --> Trying to get property of non-object /var/www/learniat/application/controllers/session/Answer.php 37
ERROR - 2017-06-23 11:23:52 --> Severity: Notice --> Trying to get property of non-object /var/www/learniat/application/views/answer/index.php 9
ERROR - 2017-06-23 11:23:56 --> Severity: Warning --> simplexml_load_string(): Entity: line 1: parser error : Start tag expected, '&lt;' not found /var/www/learniat/application/libraries/services/External.php 115
ERROR - 2017-06-23 11:23:56 --> Severity: Warning --> simplexml_load_string(): MySqlError - You have an error in your SQL syntax; check the manual that corresp /var/www/learniat/application/libraries/services/External.php 115
ERROR - 2017-06-23 11:23:56 --> Severity: Warning --> simplexml_load_string(): ^ /var/www/learniat/application/libraries/services/External.php 115
ERROR - 2017-06-23 11:23:56 --> Severity: Notice --> Trying to get property of non-object /var/www/learniat/application/libraries/services/External.php 117
ERROR - 2017-06-23 11:23:56 --> Severity: Notice --> Trying to get property of non-object /var/www/learniat/application/libraries/services/External.php 117
ERROR - 2017-06-23 11:23:56 --> Severity: Notice --> Trying to get property of non-object /var/www/learniat/application/controllers/session/Answer.php 37
ERROR - 2017-06-23 11:23:56 --> Severity: Notice --> Trying to get property of non-object /var/www/learniat/application/views/answer/index.php 9
ERROR - 2017-06-23 11:24:21 --> Severity: Warning --> simplexml_load_string(): Entity: line 1: parser error : Start tag expected, '&lt;' not found /var/www/learniat/application/libraries/services/External.php 115
ERROR - 2017-06-23 11:24:21 --> Severity: Warning --> simplexml_load_string(): MySqlError - You have an error in your SQL syntax; check the manual that corresp /var/www/learniat/application/libraries/services/External.php 115
ERROR - 2017-06-23 11:24:21 --> Severity: Warning --> simplexml_load_string(): ^ /var/www/learniat/application/libraries/services/External.php 115
ERROR - 2017-06-23 11:24:21 --> Severity: Notice --> Trying to get property of non-object /var/www/learniat/application/libraries/services/External.php 117
ERROR - 2017-06-23 11:24:21 --> Severity: Notice --> Trying to get property of non-object /var/www/learniat/application/libraries/services/External.php 117
ERROR - 2017-06-23 11:24:21 --> Severity: Notice --> Trying to get property of non-object /var/www/learniat/application/controllers/session/Answer.php 37
ERROR - 2017-06-23 11:24:21 --> Severity: Notice --> Trying to get property of non-object /var/www/learniat/application/views/answer/index.php 9
ERROR - 2017-06-23 11:28:25 --> Severity: Warning --> simplexml_load_string(): Entity: line 1: parser error : Start tag expected, '&lt;' not found /var/www/learniat/application/libraries/services/External.php 115
ERROR - 2017-06-23 11:28:25 --> Severity: Warning --> simplexml_load_string(): MySqlError - Incorrect integer value: '' for column 'user_id' at row 1&lt;Root&gt;&lt;Sun /var/www/learniat/application/libraries/services/External.php 115
ERROR - 2017-06-23 11:28:25 --> Severity: Warning --> simplexml_load_string(): ^ /var/www/learniat/application/libraries/services/External.php 115
ERROR - 2017-06-23 11:28:25 --> Severity: Notice --> Trying to get property of non-object /var/www/learniat/application/libraries/services/External.php 117
ERROR - 2017-06-23 11:28:25 --> Severity: Notice --> Trying to get property of non-object /var/www/learniat/application/libraries/services/External.php 117
ERROR - 2017-06-23 11:28:25 --> Severity: Notice --> Trying to get property of non-object /var/www/learniat/application/controllers/session/Answer.php 37
ERROR - 2017-06-23 11:28:25 --> Severity: Notice --> Trying to get property of non-object /var/www/learniat/application/views/answer/index.php 9
ERROR - 2017-06-23 11:30:44 --> Severity: Warning --> simplexml_load_string(): Entity: line 1: parser error : Start tag expected, '&lt;' not found /var/www/learniat/application/libraries/services/External.php 115
ERROR - 2017-06-23 11:30:44 --> Severity: Warning --> simplexml_load_string(): MySqlError - You have an error in your SQL syntax; check the manual that corresp /var/www/learniat/application/libraries/services/External.php 115
ERROR - 2017-06-23 11:30:44 --> Severity: Warning --> simplexml_load_string(): ^ /var/www/learniat/application/libraries/services/External.php 115
ERROR - 2017-06-23 11:30:44 --> Severity: Notice --> Trying to get property of non-object /var/www/learniat/application/libraries/services/External.php 117
ERROR - 2017-06-23 11:30:44 --> Severity: Notice --> Trying to get property of non-object /var/www/learniat/application/libraries/services/External.php 117
ERROR - 2017-06-23 11:30:44 --> Severity: Notice --> Trying to get property of non-object /var/www/learniat/application/controllers/session/Answer.php 37
ERROR - 2017-06-23 11:30:44 --> Severity: Notice --> Trying to get property of non-object /var/www/learniat/application/views/answer/index.php 9
ERROR - 2017-06-23 11:32:48 --> Severity: Warning --> simplexml_load_string(): Entity: line 1: parser error : Start tag expected, '&lt;' not found /var/www/learniat/application/libraries/services/External.php 115
ERROR - 2017-06-23 11:32:48 --> Severity: Warning --> simplexml_load_string(): MySqlError - You have an error in your SQL syntax; check the manual that corresp /var/www/learniat/application/libraries/services/External.php 115
ERROR - 2017-06-23 11:32:48 --> Severity: Warning --> simplexml_load_string(): ^ /var/www/learniat/application/libraries/services/External.php 115
ERROR - 2017-06-23 11:32:48 --> Severity: Notice --> Trying to get property of non-object /var/www/learniat/application/libraries/services/External.php 117
ERROR - 2017-06-23 11:32:48 --> Severity: Notice --> Trying to get property of non-object /var/www/learniat/application/libraries/services/External.php 117
ERROR - 2017-06-23 11:32:48 --> Severity: Notice --> Trying to get property of non-object /var/www/learniat/application/controllers/session/Answer.php 37
ERROR - 2017-06-23 11:32:48 --> Severity: Notice --> Trying to get property of non-object /var/www/learniat/application/views/answer/index.php 9
ERROR - 2017-06-23 11:32:52 --> Severity: Warning --> simplexml_load_string(): Entity: line 1: parser error : Start tag expected, '&lt;' not found /var/www/learniat/application/libraries/services/External.php 115
ERROR - 2017-06-23 11:32:52 --> Severity: Warning --> simplexml_load_string(): MySqlError - You have an error in your SQL syntax; check the manual that corresp /var/www/learniat/application/libraries/services/External.php 115
ERROR - 2017-06-23 11:32:52 --> Severity: Warning --> simplexml_load_string(): ^ /var/www/learniat/application/libraries/services/External.php 115
ERROR - 2017-06-23 11:32:52 --> Severity: Notice --> Trying to get property of non-object /var/www/learniat/application/libraries/services/External.php 117
ERROR - 2017-06-23 11:32:52 --> Severity: Notice --> Trying to get property of non-object /var/www/learniat/application/libraries/services/External.php 117
ERROR - 2017-06-23 11:32:52 --> Severity: Notice --> Trying to get property of non-object /var/www/learniat/application/controllers/session/Answer.php 37
ERROR - 2017-06-23 11:32:52 --> Severity: Notice --> Trying to get property of non-object /var/www/learniat/application/views/answer/index.php 9
ERROR - 2017-06-23 11:41:05 --> Severity: Warning --> simplexml_load_string(): Entity: line 1: parser error : Start tag expected, '&lt;' not found /var/www/learniat/application/libraries/services/External.php 115
ERROR - 2017-06-23 11:41:05 --> Severity: Warning --> simplexml_load_string(): MySqlError - You have an error in your SQL syntax; check the manual that corresp /var/www/learniat/application/libraries/services/External.php 115
ERROR - 2017-06-23 11:41:05 --> Severity: Warning --> simplexml_load_string(): ^ /var/www/learniat/application/libraries/services/External.php 115
ERROR - 2017-06-23 11:41:05 --> Severity: Notice --> Trying to get property of non-object /var/www/learniat/application/libraries/services/External.php 117
ERROR - 2017-06-23 11:41:05 --> Severity: Notice --> Trying to get property of non-object /var/www/learniat/application/libraries/services/External.php 117
ERROR - 2017-06-23 11:41:05 --> Severity: Notice --> Trying to get property of non-object /var/www/learniat/application/controllers/session/Answer.php 37
ERROR - 2017-06-23 11:41:05 --> Severity: Notice --> Trying to get property of non-object /var/www/learniat/application/views/answer/index.php 9
ERROR - 2017-06-23 11:46:30 --> Severity: Warning --> simplexml_load_string(): Entity: line 1: parser error : Start tag expected, '&lt;' not found /var/www/learniat/application/libraries/services/External.php 115
ERROR - 2017-06-23 11:46:30 --> Severity: Warning --> simplexml_load_string(): INSERT INTO `event_log` ( service_name , user_id , UUID , xml_input , request_ti /var/www/learniat/application/libraries/services/External.php 115
ERROR - 2017-06-23 11:46:30 --> Severity: Warning --> simplexml_load_string(): ^ /var/www/learniat/application/libraries/services/External.php 115
ERROR - 2017-06-23 11:46:30 --> Severity: Notice --> Trying to get property of non-object /var/www/learniat/application/libraries/services/External.php 117
ERROR - 2017-06-23 11:46:30 --> Severity: Notice --> Trying to get property of non-object /var/www/learniat/application/libraries/services/External.php 117
ERROR - 2017-06-23 11:46:30 --> Severity: Notice --> Trying to get property of non-object /var/www/learniat/application/controllers/session/Answer.php 37
ERROR - 2017-06-23 11:46:30 --> Severity: Notice --> Trying to get property of non-object /var/www/learniat/application/views/answer/index.php 9
ERROR - 2017-06-23 11:49:01 --> Severity: Warning --> simplexml_load_string(): Entity: line 1: parser error : Start tag expected, '&lt;' not found /var/www/learniat/application/libraries/services/External.php 115
ERROR - 2017-06-23 11:49:01 --> Severity: Warning --> simplexml_load_string(): MySqlError - You have an error in your SQL syntax; check the manual that corresp /var/www/learniat/application/libraries/services/External.php 115
ERROR - 2017-06-23 11:49:01 --> Severity: Warning --> simplexml_load_string(): ^ /var/www/learniat/application/libraries/services/External.php 115
ERROR - 2017-06-23 11:49:01 --> Severity: Notice --> Trying to get property of non-object /var/www/learniat/application/libraries/services/External.php 117
ERROR - 2017-06-23 11:49:01 --> Severity: Notice --> Trying to get property of non-object /var/www/learniat/application/libraries/services/External.php 117
ERROR - 2017-06-23 11:49:01 --> Severity: Notice --> Trying to get property of non-object /var/www/learniat/application/controllers/session/Answer.php 37
ERROR - 2017-06-23 11:49:01 --> Severity: Notice --> Trying to get property of non-object /var/www/learniat/application/views/answer/index.php 9
ERROR - 2017-06-23 11:49:25 --> Query error: Field 'gi_num' doesn't have a default value - Invalid query: INSERT INTO `lesson_plan` (`tagged_by`, `topic_tagged`, `class_id`, `topic_id`) VALUES ('496', '1', '10', '8') ON DUPLICATE KEY UPDATE tagged_by=496, topic_tagged=1 
ERROR - 2017-06-23 12:09:56 --> Severity: Warning --> simplexml_load_string(): Entity: line 1: parser error : Start tag expected, '&lt;' not found /var/www/learniat/application/libraries/services/External.php 115
ERROR - 2017-06-23 12:09:56 --> Severity: Warning --> simplexml_load_string(): MySqlError - You have an error in your SQL syntax; check the manual that corresp /var/www/learniat/application/libraries/services/External.php 115
ERROR - 2017-06-23 12:09:56 --> Severity: Warning --> simplexml_load_string(): ^ /var/www/learniat/application/libraries/services/External.php 115
ERROR - 2017-06-23 12:09:56 --> Severity: Notice --> Trying to get property of non-object /var/www/learniat/application/libraries/services/External.php 117
ERROR - 2017-06-23 12:09:56 --> Severity: Notice --> Trying to get property of non-object /var/www/learniat/application/libraries/services/External.php 117
ERROR - 2017-06-23 12:09:56 --> Severity: Notice --> Trying to get property of non-object /var/www/learniat/application/controllers/session/Answer.php 37
ERROR - 2017-06-23 12:09:56 --> Severity: Notice --> Trying to get property of non-object /var/www/learniat/application/views/answer/index.php 9
ERROR - 2017-06-23 12:12:20 --> Severity: Warning --> simplexml_load_string(): Entity: line 1: parser error : Start tag expected, '&lt;' not found /var/www/learniat/application/libraries/services/External.php 115
ERROR - 2017-06-23 12:12:20 --> Severity: Warning --> simplexml_load_string(): INSERT INTO `event_log` ( service_name , user_id , UUID , xml_input , request_ti /var/www/learniat/application/libraries/services/External.php 115
ERROR - 2017-06-23 12:12:20 --> Severity: Warning --> simplexml_load_string(): ^ /var/www/learniat/application/libraries/services/External.php 115
ERROR - 2017-06-23 12:12:20 --> Severity: Notice --> Trying to get property of non-object /var/www/learniat/application/libraries/services/External.php 117
ERROR - 2017-06-23 12:12:20 --> Severity: Notice --> Trying to get property of non-object /var/www/learniat/application/libraries/services/External.php 117
ERROR - 2017-06-23 12:12:20 --> Severity: Notice --> Trying to get property of non-object /var/www/learniat/application/controllers/session/Answer.php 37
ERROR - 2017-06-23 12:12:20 --> Severity: Notice --> Trying to get property of non-object /var/www/learniat/application/views/answer/index.php 9
ERROR - 2017-06-23 12:14:58 --> Severity: Warning --> simplexml_load_string(): Entity: line 1: parser error : Start tag expected, '&lt;' not found /var/www/learniat/application/libraries/services/External.php 115
ERROR - 2017-06-23 12:14:58 --> Severity: Warning --> simplexml_load_string(): INSERT INTO `event_log` ( service_name , user_id , UUID , xml_input , request_ti /var/www/learniat/application/libraries/services/External.php 115
ERROR - 2017-06-23 12:14:58 --> Severity: Warning --> simplexml_load_string(): ^ /var/www/learniat/application/libraries/services/External.php 115
ERROR - 2017-06-23 12:14:58 --> Severity: Notice --> Trying to get property of non-object /var/www/learniat/application/libraries/services/External.php 117
ERROR - 2017-06-23 12:14:58 --> Severity: Notice --> Trying to get property of non-object /var/www/learniat/application/libraries/services/External.php 117
ERROR - 2017-06-23 12:14:58 --> Severity: Notice --> Trying to get property of non-object /var/www/learniat/application/controllers/session/Answer.php 37
ERROR - 2017-06-23 12:14:58 --> Severity: Notice --> Trying to get property of non-object /var/www/learniat/application/views/answer/index.php 9
ERROR - 2017-06-23 12:15:44 --> Severity: Warning --> simplexml_load_string(): Entity: line 1: parser error : Start tag expected, '&lt;' not found /var/www/learniat/application/libraries/services/External.php 115
ERROR - 2017-06-23 12:15:44 --> Severity: Warning --> simplexml_load_string(): MySqlError - Field 'xml_output' doesn't have a default value&lt;Root&gt;&lt;SunStone&gt;&lt;Act /var/www/learniat/application/libraries/services/External.php 115
ERROR - 2017-06-23 12:15:44 --> Severity: Warning --> simplexml_load_string(): ^ /var/www/learniat/application/libraries/services/External.php 115
ERROR - 2017-06-23 12:15:44 --> Severity: Notice --> Trying to get property of non-object /var/www/learniat/application/libraries/services/External.php 117
ERROR - 2017-06-23 12:15:44 --> Severity: Notice --> Trying to get property of non-object /var/www/learniat/application/libraries/services/External.php 117
ERROR - 2017-06-23 12:15:44 --> Severity: Notice --> Trying to get property of non-object /var/www/learniat/application/controllers/session/Answer.php 37
ERROR - 2017-06-23 12:15:44 --> Severity: Notice --> Trying to get property of non-object /var/www/learniat/application/views/answer/index.php 9
ERROR - 2017-06-23 12:16:28 --> Severity: Warning --> simplexml_load_string(): Entity: line 1: parser error : Start tag expected, '&lt;' not found /var/www/learniat/application/libraries/services/External.php 115
ERROR - 2017-06-23 12:16:28 --> Severity: Warning --> simplexml_load_string(): MySqlError - Field 'xml_output' doesn't have a default value&lt;Root&gt;&lt;SunStone&gt;&lt;Act /var/www/learniat/application/libraries/services/External.php 115
ERROR - 2017-06-23 12:16:28 --> Severity: Warning --> simplexml_load_string(): ^ /var/www/learniat/application/libraries/services/External.php 115
ERROR - 2017-06-23 12:16:28 --> Severity: Notice --> Trying to get property of non-object /var/www/learniat/application/libraries/services/External.php 117
ERROR - 2017-06-23 12:16:28 --> Severity: Notice --> Trying to get property of non-object /var/www/learniat/application/libraries/services/External.php 117
ERROR - 2017-06-23 12:16:28 --> Severity: Notice --> Trying to get property of non-object /var/www/learniat/application/controllers/session/Answer.php 37
ERROR - 2017-06-23 12:16:28 --> Severity: Notice --> Trying to get property of non-object /var/www/learniat/application/views/answer/index.php 9
ERROR - 2017-06-23 12:20:30 --> Severity: Warning --> simplexml_load_string(): Entity: line 1: parser error : Start tag expected, '&lt;' not found /var/www/learniat/application/libraries/services/External.php 115
ERROR - 2017-06-23 12:20:30 --> Severity: Warning --> simplexml_load_string(): MySqlError - Field 'return_time' doesn't have a default value&lt;Root&gt;&lt;SunStone&gt;&lt;Ac /var/www/learniat/application/libraries/services/External.php 115
ERROR - 2017-06-23 12:20:30 --> Severity: Warning --> simplexml_load_string(): ^ /var/www/learniat/application/libraries/services/External.php 115
ERROR - 2017-06-23 12:20:30 --> Severity: Notice --> Trying to get property of non-object /var/www/learniat/application/libraries/services/External.php 117
ERROR - 2017-06-23 12:20:30 --> Severity: Notice --> Trying to get property of non-object /var/www/learniat/application/libraries/services/External.php 117
ERROR - 2017-06-23 12:20:30 --> Severity: Notice --> Trying to get property of non-object /var/www/learniat/application/controllers/session/Answer.php 37
ERROR - 2017-06-23 12:20:30 --> Severity: Notice --> Trying to get property of non-object /var/www/learniat/application/views/answer/index.php 9
ERROR - 2017-06-23 12:39:03 --> Query error: Field 'gi_num' doesn't have a default value - Invalid query: INSERT INTO `lesson_plan` (`tagged_by`, `topic_tagged`, `class_id`, `topic_id`) VALUES ('496', '1', '10', '8') ON DUPLICATE KEY UPDATE tagged_by=496, topic_tagged=1 
ERROR - 2017-06-23 14:15:17 --> Query error: Field 'gi_num' doesn't have a default value - Invalid query: INSERT INTO `topic` (`parent_topic_id`, `subject_id`, `topic_name`, `topic_info`) VALUES ('381', '1', 'Permuations', NULL)
ERROR - 2017-06-23 14:15:31 --> Query error: Field 'gi_num' doesn't have a default value - Invalid query: INSERT INTO `topic` (`parent_topic_id`, `subject_id`, `topic_name`, `topic_info`) VALUES ('381', '1', 'Permutations', NULL)
ERROR - 2017-06-23 17:57:37 --> Severity: Notice --> Undefined index: class_name /var/www/learniat/application/views/session/details.php 32
ERROR - 2017-06-23 17:57:37 --> Severity: Notice --> Undefined index: sessionId /var/www/learniat/application/views/session/details.php 33
ERROR - 2017-06-23 17:57:37 --> Severity: Notice --> Undefined index: start_time /var/www/learniat/application/views/session/helper/session-information.php 4
ERROR - 2017-06-23 17:57:37 --> Severity: Notice --> Undefined index: end_time /var/www/learniat/application/views/session/helper/session-information.php 4
ERROR - 2017-06-23 17:57:37 --> Severity: Notice --> Undefined index: room_name /var/www/learniat/application/views/session/helper/session-information.php 5
ERROR - 2017-06-23 17:57:37 --> Severity: Notice --> Undefined index: students_present /var/www/learniat/application/views/session/helper/session-information.php 6
ERROR - 2017-06-23 17:57:37 --> Severity: Notice --> Undefined index: total_students /var/www/learniat/application/views/session/helper/session-information.php 6
ERROR - 2017-06-23 17:57:37 --> Severity: Notice --> Undefined index: students_present /var/www/learniat/application/views/session/helper/session-information.php 9
ERROR - 2017-06-23 17:57:37 --> Severity: Notice --> Undefined index: students_present /var/www/learniat/application/views/session/helper/session-information.php 20
ERROR - 2017-06-23 17:57:37 --> Severity: Notice --> Undefined index: total_students /var/www/learniat/application/views/session/helper/session-information.php 21
ERROR - 2017-06-23 18:04:10 --> Severity: Notice --> Undefined index: class_name /var/www/learniat/application/views/session/details.php 32
ERROR - 2017-06-23 18:04:10 --> Severity: Notice --> Undefined index: sessionId /var/www/learniat/application/views/session/details.php 33
ERROR - 2017-06-23 18:04:10 --> Severity: Notice --> Undefined index: start_time /var/www/learniat/application/views/session/helper/session-information.php 4
ERROR - 2017-06-23 18:04:10 --> Severity: Notice --> Undefined index: end_time /var/www/learniat/application/views/session/helper/session-information.php 4
ERROR - 2017-06-23 18:04:10 --> Severity: Notice --> Undefined index: room_name /var/www/learniat/application/views/session/helper/session-information.php 5
ERROR - 2017-06-23 18:04:10 --> Severity: Notice --> Undefined index: students_present /var/www/learniat/application/views/session/helper/session-information.php 6
ERROR - 2017-06-23 18:04:10 --> Severity: Notice --> Undefined index: total_students /var/www/learniat/application/views/session/helper/session-information.php 6
ERROR - 2017-06-23 18:04:10 --> Severity: Notice --> Undefined index: students_present /var/www/learniat/application/views/session/helper/session-information.php 9
ERROR - 2017-06-23 18:04:10 --> Severity: Notice --> Undefined index: students_present /var/www/learniat/application/views/session/helper/session-information.php 20
ERROR - 2017-06-23 18:04:10 --> Severity: Notice --> Undefined index: total_students /var/www/learniat/application/views/session/helper/session-information.php 21
ERROR - 2017-06-23 18:04:15 --> Severity: Notice --> Undefined index: class_name /var/www/learniat/application/views/session/details.php 32
ERROR - 2017-06-23 18:04:15 --> Severity: Notice --> Undefined index: sessionId /var/www/learniat/application/views/session/details.php 33
ERROR - 2017-06-23 18:04:15 --> Severity: Notice --> Undefined index: start_time /var/www/learniat/application/views/session/helper/session-information.php 4
ERROR - 2017-06-23 18:04:15 --> Severity: Notice --> Undefined index: end_time /var/www/learniat/application/views/session/helper/session-information.php 4
ERROR - 2017-06-23 18:04:15 --> Severity: Notice --> Undefined index: room_name /var/www/learniat/application/views/session/helper/session-information.php 5
ERROR - 2017-06-23 18:04:15 --> Severity: Notice --> Undefined index: students_present /var/www/learniat/application/views/session/helper/session-information.php 6
ERROR - 2017-06-23 18:04:15 --> Severity: Notice --> Undefined index: total_students /var/www/learniat/application/views/session/helper/session-information.php 6
ERROR - 2017-06-23 18:04:15 --> Severity: Notice --> Undefined index: students_present /var/www/learniat/application/views/session/helper/session-information.php 9
ERROR - 2017-06-23 18:04:15 --> Severity: Notice --> Undefined index: students_present /var/www/learniat/application/views/session/helper/session-information.php 20
ERROR - 2017-06-23 18:04:15 --> Severity: Notice --> Undefined index: total_students /var/www/learniat/application/views/session/helper/session-information.php 21
