ERROR - 2017-06-15 10:03:15 --> Severity: Warning --> Invalid argument supplied for foreach() /var/www/learniat/application/views/answer/mrq.php 25
ERROR - 2017-06-15 10:03:15 --> Severity: Warning --> Invalid argument supplied for foreach() /var/www/learniat/application/views/answer/mrq.php 25
ERROR - 2017-06-15 10:03:15 --> Severity: Warning --> Invalid argument supplied for foreach() /var/www/learniat/application/views/answer/mrq.php 25
ERROR - 2017-06-15 10:03:15 --> Severity: Warning --> Invalid argument supplied for foreach() /var/www/learniat/application/views/answer/mrq.php 25
ERROR - 2017-06-15 10:03:15 --> Severity: Warning --> Invalid argument supplied for foreach() /var/www/learniat/application/views/answer/mrq.php 25
ERROR - 2017-06-15 10:03:15 --> Severity: Warning --> Invalid argument supplied for foreach() /var/www/learniat/application/views/answer/mrq.php 25
ERROR - 2017-06-15 10:03:15 --> Severity: Warning --> Invalid argument supplied for foreach() /var/www/learniat/application/views/answer/mrq.php 25
ERROR - 2017-06-15 10:03:15 --> Severity: Warning --> Invalid argument supplied for foreach() /var/www/learniat/application/views/answer/mrq.php 25
ERROR - 2017-06-15 10:03:42 --> Severity: Warning --> Invalid argument supplied for foreach() /var/www/learniat/application/views/answer/mrq.php 25
ERROR - 2017-06-15 10:03:42 --> Severity: Warning --> Invalid argument supplied for foreach() /var/www/learniat/application/views/answer/mrq.php 25
ERROR - 2017-06-15 10:03:42 --> Severity: Warning --> Invalid argument supplied for foreach() /var/www/learniat/application/views/answer/mrq.php 25
ERROR - 2017-06-15 10:03:42 --> Severity: Warning --> Invalid argument supplied for foreach() /var/www/learniat/application/views/answer/mrq.php 25
ERROR - 2017-06-15 10:03:42 --> Severity: Warning --> Invalid argument supplied for foreach() /var/www/learniat/application/views/answer/mrq.php 25
ERROR - 2017-06-15 10:03:42 --> Severity: Warning --> Invalid argument supplied for foreach() /var/www/learniat/application/views/answer/mrq.php 25
ERROR - 2017-06-15 10:03:42 --> Severity: Warning --> Invalid argument supplied for foreach() /var/www/learniat/application/views/answer/mrq.php 25
ERROR - 2017-06-15 10:03:42 --> Severity: Warning --> Invalid argument supplied for foreach() /var/www/learniat/application/views/answer/mrq.php 25
ERROR - 2017-06-15 10:03:46 --> Severity: Warning --> Invalid argument supplied for foreach() /var/www/learniat/application/views/answer/mrq.php 25
ERROR - 2017-06-15 10:03:46 --> Severity: Warning --> Invalid argument supplied for foreach() /var/www/learniat/application/views/answer/mrq.php 25
ERROR - 2017-06-15 10:03:46 --> Severity: Warning --> Invalid argument supplied for foreach() /var/www/learniat/application/views/answer/mrq.php 25
ERROR - 2017-06-15 10:03:46 --> Severity: Warning --> Invalid argument supplied for foreach() /var/www/learniat/application/views/answer/mrq.php 25
ERROR - 2017-06-15 10:03:46 --> Severity: Warning --> Invalid argument supplied for foreach() /var/www/learniat/application/views/answer/mrq.php 25
ERROR - 2017-06-15 10:03:46 --> Severity: Warning --> Invalid argument supplied for foreach() /var/www/learniat/application/views/answer/mrq.php 25
ERROR - 2017-06-15 10:03:46 --> Severity: Warning --> Invalid argument supplied for foreach() /var/www/learniat/application/views/answer/mrq.php 25
ERROR - 2017-06-15 10:03:46 --> Severity: Warning --> Invalid argument supplied for foreach() /var/www/learniat/application/views/answer/mrq.php 25
ERROR - 2017-06-15 10:04:20 --> Severity: Warning --> Invalid argument supplied for foreach() /var/www/learniat/application/views/answer/mrq.php 25
ERROR - 2017-06-15 10:04:20 --> Severity: Warning --> Invalid argument supplied for foreach() /var/www/learniat/application/views/answer/mrq.php 25
ERROR - 2017-06-15 10:04:20 --> Severity: Warning --> Invalid argument supplied for foreach() /var/www/learniat/application/views/answer/mrq.php 25
ERROR - 2017-06-15 10:04:20 --> Severity: Warning --> Invalid argument supplied for foreach() /var/www/learniat/application/views/answer/mrq.php 25
ERROR - 2017-06-15 10:04:20 --> Severity: Warning --> Invalid argument supplied for foreach() /var/www/learniat/application/views/answer/mrq.php 25
ERROR - 2017-06-15 10:04:20 --> Severity: Warning --> Invalid argument supplied for foreach() /var/www/learniat/application/views/answer/mrq.php 25
ERROR - 2017-06-15 10:04:20 --> Severity: Warning --> Invalid argument supplied for foreach() /var/www/learniat/application/views/answer/mrq.php 25
ERROR - 2017-06-15 10:04:20 --> Severity: Warning --> Invalid argument supplied for foreach() /var/www/learniat/application/views/answer/mrq.php 25
ERROR - 2017-06-15 10:04:25 --> Severity: Warning --> simplexml_load_string(): Entity: line 1: parser error : Start tag expected, '&lt;' not found /var/www/learniat/application/libraries/services/External.php 115
ERROR - 2017-06-15 10:04:25 --> Severity: Warning --> simplexml_load_string(): MySqlError - You have an error in your SQL syntax; check the manual that corresp /var/www/learniat/application/libraries/services/External.php 115
ERROR - 2017-06-15 10:04:25 --> Severity: Warning --> simplexml_load_string(): ^ /var/www/learniat/application/libraries/services/External.php 115
ERROR - 2017-06-15 10:04:25 --> Severity: Notice --> Trying to get property of non-object /var/www/learniat/application/libraries/services/External.php 117
ERROR - 2017-06-15 10:04:25 --> Severity: Notice --> Trying to get property of non-object /var/www/learniat/application/libraries/services/External.php 117
ERROR - 2017-06-15 10:04:25 --> Severity: Notice --> Trying to get property of non-object /var/www/learniat/application/controllers/session/Answer.php 36
ERROR - 2017-06-15 10:04:25 --> Severity: Notice --> Trying to get property of non-object /var/www/learniat/application/views/answer/index.php 9
